[2020-12-17 09:10:06,045] - logger.py] - INFO: 获取GHome_api.xlsx路径
[2020-12-17 09:10:06,045] - logger.py] - INFO: 复制GHome_api.xlsx文件到report下
[2020-12-17 09:11:22,259] - logger.py] - INFO: 获取GHome_api.xlsx路径
[2020-12-17 09:11:22,260] - logger.py] - INFO: 复制GHome_api.xlsx文件到report下
[2020-12-17 09:16:37,771] - logger.py] - INFO: 获取GHome_api.xlsx路径
[2020-12-17 09:16:37,772] - logger.py] - INFO: 复制GHome_api.xlsx文件到report下
[2020-12-17 09:18:27,480] - logger.py] - INFO: 获取GHome_api.xlsx路径
[2020-12-17 09:18:27,480] - logger.py] - INFO: 复制GHome_api.xlsx文件到report下
[2020-12-17 09:18:38,463] - logger.py] - INFO: 获取GHome_api.xlsx路径
[2020-12-17 09:18:38,464] - logger.py] - INFO: 复制GHome_api.xlsx文件到report下
[2020-12-17 09:19:19,758] - logger.py] - INFO: 获取GHome_api.xlsx路径
[2020-12-17 09:19:19,758] - logger.py] - INFO: 复制GHome_api.xlsx文件到report下
[2020-12-17 09:20:57,520] - logger.py] - INFO: 获取GHome_api.xlsx路径
[2020-12-17 09:20:57,520] - logger.py] - INFO: 复制GHome_api.xlsx文件到report下
[2020-12-17 09:22:01,777] - logger.py] - INFO: 获取GHome_api.xlsx路径
[2020-12-17 09:22:01,778] - logger.py] - INFO: 复制GHome_api.xlsx文件到report下
[2020-12-17 09:22:19,275] - logger.py] - INFO: 获取GHome_api.xlsx路径
[2020-12-17 09:22:19,276] - logger.py] - INFO: 复制GHome_api.xlsx文件到report下
[2020-12-17 09:24:32,976] - logger.py] - INFO: 获取GHome_api.xlsx路径
[2020-12-17 09:24:32,976] - logger.py] - INFO: 复制GHome_api.xlsx文件到report下
[2020-12-17 09:24:37,563] - logger.py] - INFO: 获取GHome_api.xlsx路径
[2020-12-17 09:24:37,563] - logger.py] - INFO: 复制GHome_api.xlsx文件到report下
[2020-12-17 09:27:45,919] - logger.py] - INFO: 获取GHome_api.xlsx路径
[2020-12-17 09:27:45,919] - logger.py] - INFO: 复制GHome_api.xlsx文件到report下
[2020-12-17 09:35:10,709] - logger.py] - INFO: 获取GHome_api.xlsx路径
[2020-12-17 09:35:10,709] - logger.py] - INFO: 复制GHome_api.xlsx文件到report下
[2020-12-17 09:35:36,537] - logger.py] - INFO: 获取GHome_api.xlsx路径
[2020-12-17 09:35:36,537] - logger.py] - INFO: 复制GHome_api.xlsx文件到report下
[2020-12-17 09:35:54,169] - logger.py] - INFO: 获取GHome_api.xlsx路径
[2020-12-17 09:35:54,170] - logger.py] - INFO: 复制GHome_api.xlsx文件到report下
[2020-12-17 09:38:25,301] - logger.py] - INFO: 获取GHome_api.xlsx路径
[2020-12-17 09:38:25,301] - logger.py] - INFO: 复制GHome_api.xlsx文件到report下
[2020-12-17 09:39:42,491] - logger.py] - INFO: 获取GHome_api.xlsx路径
[2020-12-17 09:39:42,492] - logger.py] - INFO: 复制GHome_api.xlsx文件到report下
[2020-12-17 09:41:46,361] - logger.py] - INFO: 获取GHome_api.xlsx路径
[2020-12-17 09:41:46,361] - logger.py] - INFO: 复制GHome_api.xlsx文件到report下
[2020-12-17 09:42:30,880] - logger.py] - INFO: 获取GHome_api.xlsx路径
[2020-12-17 09:42:30,880] - logger.py] - INFO: 复制GHome_api.xlsx文件到report下
[2020-12-17 09:43:56,818] - logger.py] - INFO: 获取GHome_api.xlsx路径
[2020-12-17 09:43:56,819] - logger.py] - INFO: 复制GHome_api.xlsx文件到report下
[2020-12-17 09:44:53,219] - logger.py] - INFO: 获取GHome_api.xlsx路径
[2020-12-17 09:44:53,220] - logger.py] - INFO: 复制GHome_api.xlsx文件到report下
[2020-12-17 09:45:17,348] - logger.py] - INFO: 获取GHome_api.xlsx路径
[2020-12-17 09:45:17,348] - logger.py] - INFO: 复制GHome_api.xlsx文件到report下
[2020-12-17 09:48:15,957] - logger.py] - INFO: 获取GHome_api.xlsx路径
[2020-12-17 09:48:15,958] - logger.py] - INFO: 复制GHome_api.xlsx文件到report下
[2020-12-17 09:49:05,381] - logger.py] - INFO: 获取GHome_api.xlsx路径
[2020-12-17 09:49:05,382] - logger.py] - INFO: 复制GHome_api.xlsx文件到report下
[2020-12-17 09:49:47,741] - logger.py] - INFO: 获取GHome_api.xlsx路径
[2020-12-17 09:49:47,742] - logger.py] - INFO: 复制GHome_api.xlsx文件到report下
[2020-12-17 09:50:21,703] - logger.py] - INFO: 获取GHome_api.xlsx路径
[2020-12-17 09:50:21,704] - logger.py] - INFO: 复制GHome_api.xlsx文件到report下
[2020-12-17 09:50:28,726] - logger.py] - INFO: 获取GHome_api.xlsx路径
[2020-12-17 09:50:28,727] - logger.py] - INFO: 复制GHome_api.xlsx文件到report下
[2020-12-17 09:51:39,038] - logger.py] - INFO: 获取GHome_api.xlsx路径
[2020-12-17 09:51:39,038] - logger.py] - INFO: 复制GHome_api.xlsx文件到report下
[2020-12-17 14:09:17,107] - logger.py] - INFO: 获取GHome_api.xlsx路径
[2020-12-17 14:09:17,107] - logger.py] - INFO: 复制GHome_api.xlsx文件到report下
[2020-12-17 14:10:48,965] - logger.py] - INFO: 获取GHome_api.xlsx路径
[2020-12-17 14:10:48,966] - logger.py] - INFO: 复制GHome_api.xlsx文件到report下
[2020-12-17 14:12:11,681] - logger.py] - INFO: 获取GHome_api.xlsx路径
[2020-12-17 14:12:11,681] - logger.py] - INFO: 复制GHome_api.xlsx文件到report下
[2020-12-17 14:14:09,956] - logger.py] - INFO: 获取GHome_api.xlsx路径
[2020-12-17 14:14:09,957] - logger.py] - INFO: 复制GHome_api.xlsx文件到report下
[2020-12-17 14:22:55,926] - logger.py] - INFO: 
[2020-12-17 14:22:55,926] - logger.py] - INFO: 获取GHome_api.xlsx路径
[2020-12-17 14:22:55,927] - logger.py] - INFO: report_路径确认
[2020-12-17 14:22:55,974] - logger.py] - INFO: 复制GHome_api.xlsx文件到report下
[2020-12-17 14:23:03,216] - logger.py] - INFO: 
[2020-12-17 14:23:03,216] - logger.py] - INFO: 获取GHome_api.xlsx路径
[2020-12-17 14:23:03,217] - logger.py] - INFO: report_路径确认
[2020-12-17 14:23:03,264] - logger.py] - INFO: 复制GHome_api.xlsx文件到report下
[2020-12-17 14:23:13,999] - logger.py] - INFO: 
[2020-12-17 14:23:13,999] - logger.py] - INFO: 获取GHome_api.xlsx路径
[2020-12-17 14:23:14,000] - logger.py] - INFO: report_路径确认
[2020-12-17 14:23:14,047] - logger.py] - INFO: 复制GHome_api.xlsx文件到report下
[2020-12-17 14:25:20,254] - logger.py] - INFO: 
[2020-12-17 14:25:20,254] - logger.py] - INFO: 获取GHome_api.xlsx路径
[2020-12-17 14:25:20,255] - logger.py] - INFO: report_路径确认
[2020-12-17 14:25:20,304] - logger.py] - INFO: 复制GHome_api.xlsx文件到report下
[2020-12-17 14:49:54,383] - logger.py] - INFO: 
[2020-12-17 14:49:54,383] - logger.py] - INFO: 获取GHome_api.xlsx路径
[2020-12-17 14:49:54,384] - logger.py] - INFO: report_路径确认
[2020-12-17 14:50:15,287] - logger.py] - INFO: 
[2020-12-17 14:50:15,287] - logger.py] - INFO: 获取GHome_api.xlsx路径
[2020-12-17 14:50:15,288] - logger.py] - INFO: report_路径确认
[2020-12-17 14:50:28,803] - logger.py] - INFO: 
[2020-12-17 14:50:28,804] - logger.py] - INFO: 获取GHome_api.xlsx路径
[2020-12-17 14:50:28,804] - logger.py] - INFO: report_路径确认
[2020-12-17 14:50:34,164] - logger.py] - INFO: 
[2020-12-17 14:50:34,164] - logger.py] - INFO: 获取GHome_api.xlsx路径
[2020-12-17 14:50:34,165] - logger.py] - INFO: report_路径确认
[2020-12-17 14:50:36,967] - logger.py] - INFO: 
[2020-12-17 14:50:36,967] - logger.py] - INFO: 获取GHome_api.xlsx路径
[2020-12-17 14:50:36,967] - logger.py] - INFO: report_路径确认
[2020-12-17 14:50:58,871] - logger.py] - INFO: 
[2020-12-17 14:50:58,871] - logger.py] - INFO: 获取GHome_api.xlsx路径
[2020-12-17 14:50:58,871] - logger.py] - INFO: report_路径确认
[2020-12-17 14:50:58,920] - logger.py] - INFO: 复制GHome_api.xlsx文件到report下
[2020-12-17 14:53:22,155] - logger.py] - INFO: 
[2020-12-17 14:53:22,155] - logger.py] - INFO: 获取GHome_api.xlsx路径
[2020-12-17 14:53:22,155] - logger.py] - INFO: report_路径确认
[2020-12-17 14:53:22,203] - logger.py] - INFO: 复制GHome_api.xlsx文件到report下
[2020-12-17 14:53:23,645] - logger.py] - INFO: checkpoint确认
[2020-12-17 14:53:23,646] - logger.py] - INFO: 实际返回值确认
[2020-12-17 14:53:23,646] - logger.py] - INFO: 判断返回值是否正常
[2020-12-17 14:53:23,908] - logger.py] - INFO: checkpoint确认
[2020-12-17 14:53:23,908] - logger.py] - INFO: 实际返回值确认
[2020-12-17 14:53:23,908] - logger.py] - INFO: 判断返回值是否正常
[2020-12-17 14:53:24,152] - logger.py] - INFO: checkpoint确认
[2020-12-17 14:53:24,153] - logger.py] - INFO: 实际返回值确认
[2020-12-17 14:53:24,153] - logger.py] - INFO: 判断返回值是否正常
