[2020-12-16 10:12:24,952] - logger.py] - INFO: ---测试开始----
[2020-12-16 10:12:24,953] - logger.py] - INFO: 操作步骤1,2,3
[2020-12-16 10:12:24,953] - logger.py] - WARNING: ----测试结束----
[2020-12-16 10:15:40,643] - logger.py] - INFO: ---测试开始----
[2020-12-16 10:15:40,643] - logger.py] - INFO: 操作步骤1,2,3
[2020-12-16 10:15:40,643] - logger.py] - WARNING: ----测试结束----
[2020-12-16 16:29:08,879] - logger.py] - INFO: ---测试开始----
[2020-12-16 16:29:08,879] - logger.py] - INFO: 操作步骤1,2,3
[2020-12-16 16:29:08,879] - logger.py] - WARNING: ----测试结束----
[2020-12-16 16:31:40,723] - logger.py] - INFO: 1111111
[2020-12-16 16:31:40,723] - logger.py] - INFO: 11eeee111
[2020-12-16 16:31:40,724] - logger.py] - INFO: 11tttt11
[2020-12-16 16:31:40,724] - logger.py] - INFO: 11t
[2020-12-16 16:33:00,709] - logger.py] - INFO: 1111111
[2020-12-16 16:33:00,709] - logger.py] - INFO: 11eeee111
[2020-12-16 16:33:00,710] - logger.py] - INFO: 11tttt11
[2020-12-16 16:33:00,710] - logger.py] - INFO: 11t
[2020-12-16 16:47:30,864] - logger.py] - INFO: ssssssss
[2020-12-16 16:48:36,077] - logger.py] - INFO: 获取demo_api.xlsx路径
[2020-12-16 16:51:58,519] - logger.py] - INFO: ssssssss
[2020-12-16 17:00:08,384] - logger.py] - INFO: 获取demo_api.xlsx路径
[2020-12-16 17:00:08,385] - logger.py] - INFO: 复制demo_api.xlsx文件到report下
[2020-12-16 17:00:54,358] - logger.py] - INFO: 获取demo_api.xlsx路径
[2020-12-16 17:00:54,359] - logger.py] - INFO: 复制demo_api.xlsx文件到report下
[2020-12-16 18:03:23,439] - logger.py] - INFO: 获取GHome_api.xlsx路径
[2020-12-16 18:03:23,440] - logger.py] - INFO: 复制demo_api.xlsx文件到report下
[2020-12-16 18:13:06,996] - logger.py] - INFO: 获取GHome_api.xlsx路径
[2020-12-16 18:13:06,996] - logger.py] - INFO: 复制demo_api.xlsx文件到report下
[2020-12-16 18:15:59,568] - logger.py] - INFO: 获取GHome_api.xlsx路径
[2020-12-16 18:15:59,569] - logger.py] - INFO: 复制GHome_api.xlsx文件到report下
[2020-12-16 18:23:29,883] - logger.py] - INFO: 获取GHome_api.xlsx路径
[2020-12-16 18:23:29,883] - logger.py] - INFO: 复制GHome_api.xlsx文件到report下
[2020-12-16 18:31:27,740] - logger.py] - INFO: 获取demo_api.xlsx路径
[2020-12-16 18:31:27,741] - logger.py] - INFO: 复制demo_api.xlsx文件到report下
[2020-12-16 18:32:17,206] - logger.py] - INFO: 获取demo_api.xlsx路径
[2020-12-16 18:32:17,206] - logger.py] - INFO: 复制demo_api.xlsx文件到report下
[2020-12-16 18:32:56,970] - logger.py] - INFO: 获取demo_api.xlsx路径
[2020-12-16 18:32:56,970] - logger.py] - INFO: 复制demo_api.xlsx文件到report下
[2020-12-16 18:34:00,138] - logger.py] - INFO: GHome_api.xlsx路径
[2020-12-16 18:34:00,138] - logger.py] - INFO: 复制GHome_api.xlsx文件到report下
[2020-12-16 18:38:36,352] - logger.py] - INFO: 获取GHome_api.xlsx路径
[2020-12-16 18:38:36,353] - logger.py] - INFO: 复制GHome_api.xlsx文件到report下
[2020-12-16 19:15:22,415] - logger.py] - INFO: 获取GHome_api.xlsx路径
[2020-12-16 19:15:22,415] - logger.py] - INFO: 复制GHome_api.xlsx文件到report下
[2020-12-16 21:19:56,920] - logger.py] - INFO: 获取GHome_api.xlsx路径
[2020-12-16 21:19:56,920] - logger.py] - INFO: 复制GHome_api.xlsx文件到report下
[2020-12-16 21:20:38,787] - logger.py] - INFO: 获取GHome_api.xlsx路径
[2020-12-16 21:20:38,788] - logger.py] - INFO: 复制GHome_api.xlsx文件到report下
